<?xml version="1.0" encoding="UTF-8"?>
<!-- Generated by org.testng.reporters.JUnitReportReporter -->
<testsuite hostname="LAPTOP-DCSLAHO4" failures="0" tests="1" name="testClasses.HomePage" time="18.215" errors="0" timestamp="2023-08-22T17:51:43 IST" skipped="0">
  <testcase classname="testClasses.HomePage" name="f1" time="18.215"/>
  <system-out>
    <![CDATA[F1]]>
  </system-out>
</testsuite> <!-- testClasses.HomePage -->
